CRITICAL - 2025-01-02 05:32:49 --> CodeIgniter\View\Exceptions\ViewException: Invalid file: "headlink.php"
[Method: GET, Route: jobportal]
in SYSTEMPATH\Exceptions\FrameworkException.php on line 41.
 1 SYSTEMPATH\View\View.php(222): CodeIgniter\Exceptions\FrameworkException::forInvalidFile('headlink.php')
 2 SYSTEMPATH\View\View.php(487): CodeIgniter\View\View->render('headlink', null, true)
 3 APPPATH\Views\layout.php(9): CodeIgniter\View\View->include('headlink')
 4 SYSTEMPATH\View\View.php(234): include('C:\\xampp\\htdocs\\komal\\Codeigniter\\jobportal\\app\\Views\\layout.php')
 5 SYSTEMPATH\View\View.php(237): CodeIgniter\View\View->CodeIgniter\View\{closure}()
 6 SYSTEMPATH\View\View.php(250): CodeIgniter\View\View->render('layout', [], true)
 7 SYSTEMPATH\Common.php(1171): CodeIgniter\View\View->render('jobportal', [], true)
 8 APPPATH\Controllers\JobController.php(13): view('jobportal')
 9 SYSTEMPATH\CodeIgniter.php(933): App\Controllers\JobController->index()
10 SYSTEMPATH\CodeIgniter.php(509): CodeIgniter\CodeIgniter->runController(Object(App\Controllers\JobController))
11 SYSTEMPATH\CodeIgniter.php(355): CodeIgniter\CodeIgniter->handleRequest(null, Object(Config\Cache), false)
12 SYSTEMPATH\Boot.php(325): CodeIgniter\CodeIgniter->run()
13 SYSTEMPATH\Boot.php(67): CodeIgniter\Boot::runCodeIgniter(Object(CodeIgniter\CodeIgniter))
14 FCPATH\index.php(56): CodeIgniter\Boot::bootWeb(Object(Config\Paths))
CRITICAL - 2025-01-02 07:53:17 --> CodeIgniter\View\Exceptions\ViewException: Invalid file: "job-single.php"
[Method: GET, Route: job/job-single]
in SYSTEMPATH\Exceptions\FrameworkException.php on line 41.
 1 SYSTEMPATH\View\View.php(222): CodeIgniter\Exceptions\FrameworkException::forInvalidFile('job-single.php')
 2 SYSTEMPATH\Common.php(1171): CodeIgniter\View\View->render('job-single', [], true)
 3 APPPATH\Controllers\SinglejobController.php(13): view('job-single')
 4 SYSTEMPATH\CodeIgniter.php(933): App\Controllers\SinglejobController->index()
 5 SYSTEMPATH\CodeIgniter.php(509): CodeIgniter\CodeIgniter->runController(Object(App\Controllers\SinglejobController))
 6 SYSTEMPATH\CodeIgniter.php(355): CodeIgniter\CodeIgniter->handleRequest(null, Object(Config\Cache), false)
 7 SYSTEMPATH\Boot.php(325): CodeIgniter\CodeIgniter->run()
 8 SYSTEMPATH\Boot.php(67): CodeIgniter\Boot::runCodeIgniter(Object(CodeIgniter\CodeIgniter))
 9 FCPATH\index.php(56): CodeIgniter\Boot::bootWeb(Object(Config\Paths))
CRITICAL - 2025-01-02 07:55:38 --> CodeIgniter\View\Exceptions\ViewException: Invalid file: "job-single.php"
[Method: GET, Route: job/job-single]
in SYSTEMPATH\Exceptions\FrameworkException.php on line 41.
 1 SYSTEMPATH\View\View.php(222): CodeIgniter\Exceptions\FrameworkException::forInvalidFile('job-single.php')
 2 SYSTEMPATH\Common.php(1171): CodeIgniter\View\View->render('job-single', [], true)
 3 APPPATH\Controllers\SinglejobController.php(13): view('job-single')
 4 SYSTEMPATH\CodeIgniter.php(933): App\Controllers\SinglejobController->index()
 5 SYSTEMPATH\CodeIgniter.php(509): CodeIgniter\CodeIgniter->runController(Object(App\Controllers\SinglejobController))
 6 SYSTEMPATH\CodeIgniter.php(355): CodeIgniter\CodeIgniter->handleRequest(null, Object(Config\Cache), false)
 7 SYSTEMPATH\Boot.php(325): CodeIgniter\CodeIgniter->run()
 8 SYSTEMPATH\Boot.php(67): CodeIgniter\Boot::runCodeIgniter(Object(CodeIgniter\CodeIgniter))
 9 FCPATH\index.php(56): CodeIgniter\Boot::bootWeb(Object(Config\Paths))
ERROR - 2025-01-02 10:38:55 --> Error connecting to the database: mysqli_sql_exception: Access denied for user ''@'localhost' (using password: NO) in C:\xampp\htdocs\komal\Codeigniter\jobportal\system\Database\MySQLi\Connection.php:186
Stack trace:
#0 C:\xampp\htdocs\komal\Codeigniter\jobportal\system\Database\MySQLi\Connection.php(186): mysqli->real_connect('localhost', '', Object(SensitiveParameterValue), '', 3306, '', 0)
#1 C:\xampp\htdocs\komal\Codeigniter\jobportal\system\Database\BaseConnection.php(421): CodeIgniter\Database\MySQLi\Connection->connect(false)
#2 C:\xampp\htdocs\komal\Codeigniter\jobportal\system\Database\BaseConnection.php(616): CodeIgniter\Database\BaseConnection->initialize()
#3 C:\xampp\htdocs\komal\Codeigniter\jobportal\system\Database\BaseBuilder.php(2340): CodeIgniter\Database\BaseConnection->query('INSERT INTO `us...', Array, false)
#4 C:\xampp\htdocs\komal\Codeigniter\jobportal\system\Model.php(394): CodeIgniter\Database\BaseBuilder->insert()
#5 C:\xampp\htdocs\komal\Codeigniter\jobportal\system\BaseModel.php(840): CodeIgniter\Model->doInsert(Array)
#6 C:\xampp\htdocs\komal\Codeigniter\jobportal\system\Model.php(802): CodeIgniter\BaseModel->insert(Array, true)
#7 C:\xampp\htdocs\komal\Codeigniter\jobportal\app\Controllers\LoginController.php(57): CodeIgniter\Model->insert(Array)
#8 C:\xampp\htdocs\komal\Codeigniter\jobportal\system\CodeIgniter.php(933): App\Controllers\LoginController->createUser()
#9 C:\xampp\htdocs\komal\Codeigniter\jobportal\system\CodeIgniter.php(509): CodeIgniter\CodeIgniter->runController(Object(App\Controllers\LoginController))
#10 C:\xampp\htdocs\komal\Codeigniter\jobportal\system\CodeIgniter.php(355): CodeIgniter\CodeIgniter->handleRequest(NULL, Object(Config\Cache), false)
#11 C:\xampp\htdocs\komal\Codeigniter\jobportal\system\Boot.php(325): CodeIgniter\CodeIgniter->run()
#12 C:\xampp\htdocs\komal\Codeigniter\jobportal\system\Boot.php(67): CodeIgniter\Boot::runCodeIgniter(Object(CodeIgniter\CodeIgniter))
#13 C:\xampp\htdocs\komal\Codeigniter\jobportal\index.php(56): CodeIgniter\Boot::bootWeb(Object(Config\Paths))
#14 {main}

Next CodeIgniter\Database\Exceptions\DatabaseException: Access denied for user ''@'localhost' (using password: NO) in C:\xampp\htdocs\komal\Codeigniter\jobportal\system\Database\MySQLi\Connection.php:231
Stack trace:
#0 C:\xampp\htdocs\komal\Codeigniter\jobportal\system\Database\BaseConnection.php(421): CodeIgniter\Database\MySQLi\Connection->connect(false)
#1 C:\xampp\htdocs\komal\Codeigniter\jobportal\system\Database\BaseConnection.php(616): CodeIgniter\Database\BaseConnection->initialize()
#2 C:\xampp\htdocs\komal\Codeigniter\jobportal\system\Database\BaseBuilder.php(2340): CodeIgniter\Database\BaseConnection->query('INSERT INTO `us...', Array, false)
#3 C:\xampp\htdocs\komal\Codeigniter\jobportal\system\Model.php(394): CodeIgniter\Database\BaseBuilder->insert()
#4 C:\xampp\htdocs\komal\Codeigniter\jobportal\system\BaseModel.php(840): CodeIgniter\Model->doInsert(Array)
#5 C:\xampp\htdocs\komal\Codeigniter\jobportal\system\Model.php(802): CodeIgniter\BaseModel->insert(Array, true)
#6 C:\xampp\htdocs\komal\Codeigniter\jobportal\app\Controllers\LoginController.php(57): CodeIgniter\Model->insert(Array)
#7 C:\xampp\htdocs\komal\Codeigniter\jobportal\system\CodeIgniter.php(933): App\Controllers\LoginController->createUser()
#8 C:\xampp\htdocs\komal\Codeigniter\jobportal\system\CodeIgniter.php(509): CodeIgniter\CodeIgniter->runController(Object(App\Controllers\LoginController))
#9 C:\xampp\htdocs\komal\Codeigniter\jobportal\system\CodeIgniter.php(355): CodeIgniter\CodeIgniter->handleRequest(NULL, Object(Config\Cache), false)
#10 C:\xampp\htdocs\komal\Codeigniter\jobportal\system\Boot.php(325): CodeIgniter\CodeIgniter->run()
#11 C:\xampp\htdocs\komal\Codeigniter\jobportal\system\Boot.php(67): CodeIgniter\Boot::runCodeIgniter(Object(CodeIgniter\CodeIgniter))
#12 C:\xampp\htdocs\komal\Codeigniter\jobportal\index.php(56): CodeIgniter\Boot::bootWeb(Object(Config\Paths))
#13 {main}
CRITICAL - 2025-01-02 10:38:55 --> CodeIgniter\Database\Exceptions\DatabaseException: Unable to connect to the database.
Main connection [MySQLi]: Access denied for user ''@'localhost' (using password: NO)
[Method: POST, Route: api/users]
in SYSTEMPATH\Database\BaseConnection.php on line 467.
 1 SYSTEMPATH\Database\BaseConnection.php(616): CodeIgniter\Database\BaseConnection->initialize()
 2 SYSTEMPATH\Database\BaseBuilder.php(2340): CodeIgniter\Database\BaseConnection->query('INSERT INTO `users` (`name`, `email`, `gender`, `user_type`, `contact`, `password`, `profile_image`) VALUES (:name:, :email:, :gender:, :user_type:, :contact:, :password:, :profile_image:)', [...], false)
 3 SYSTEMPATH\Model.php(394): CodeIgniter\Database\BaseBuilder->insert()
 4 SYSTEMPATH\BaseModel.php(840): CodeIgniter\Model->doInsert([...])
 5 SYSTEMPATH\Model.php(802): CodeIgniter\BaseModel->insert([...], true)
 6 APPPATH\Controllers\LoginController.php(57): CodeIgniter\Model->insert([...])
 7 SYSTEMPATH\CodeIgniter.php(933): App\Controllers\LoginController->createUser()
 8 SYSTEMPATH\CodeIgniter.php(509): CodeIgniter\CodeIgniter->runController(Object(App\Controllers\LoginController))
 9 SYSTEMPATH\CodeIgniter.php(355): CodeIgniter\CodeIgniter->handleRequest(null, Object(Config\Cache), false)
10 SYSTEMPATH\Boot.php(325): CodeIgniter\CodeIgniter->run()
11 SYSTEMPATH\Boot.php(67): CodeIgniter\Boot::runCodeIgniter(Object(CodeIgniter\CodeIgniter))
12 FCPATH\index.php(56): CodeIgniter\Boot::bootWeb(Object(Config\Paths))
